2023-06-21 09:19:23,246 DEBUG    root            Loaded Command Group: ['gcloud', 'init']
2023-06-21 09:19:23,247 DEBUG    root            Running [gcloud.init] with arguments: []
2023-06-21 09:19:23,247 INFO     ___FILE_ONLY___ Welcome! This command will take you through the configuration of gcloud.


2023-06-21 09:19:23,248 INFO     ___FILE_ONLY___ Your current configuration has been set to: [default]


2023-06-21 09:19:23,248 INFO     ___FILE_ONLY___ You can skip diagnostics next time by using the following flag:

2023-06-21 09:19:23,248 INFO     ___FILE_ONLY___   gcloud init --skip-diagnostics


2023-06-21 09:19:23,248 INFO     ___FILE_ONLY___ Network diagnostic detects and fixes local network connection issues.

2023-06-21 09:19:23,248 INFO     ___FILE_ONLY___ Checking network connection...
2023-06-21 09:19:24,048 DEBUG    urllib3.connectionpool Starting new HTTPS connection (1): accounts.google.com:443
2023-06-21 09:19:24,123 DEBUG    urllib3.connectionpool https://accounts.google.com:443 "GET / HTTP/1.1" 302 338
2023-06-21 09:19:24,205 DEBUG    urllib3.connectionpool https://accounts.google.com:443 "GET /ServiceLogin?passive=1209600&continue=https%3A%2F%2Faccounts.google.com%2F&followup=https%3A%2F%2Faccounts.google.com%2F HTTP/1.1" 302 None
2023-06-21 09:19:24,287 DEBUG    urllib3.connectionpool https://accounts.google.com:443 "GET /InteractiveLogin?continue=https://accounts.google.com/&followup=https://accounts.google.com/&passive=1209600&ifkv=Af_xneHV6WDL0ijfZJe6s0OIsZCCJSHb4M3yhNqpdXsI8UmS5QNHti-IvkLf03T3JoQfYF4uWKtY HTTP/1.1" 302 528
2023-06-21 09:19:24,360 DEBUG    urllib3.connectionpool https://accounts.google.com:443 "GET /v3/signin/identifier?dsh=S-1442639142%3A1687357164274241&continue=https%3A%2F%2Faccounts.google.com%2F&followup=https%3A%2F%2Faccounts.google.com%2F&ifkv=Af_xneEd9sQZpnB8AuXXDsw4JMqaiNs-FCqp8_iP8T12U1lG_BsotAnb5kBCT8XA9SF0s57ggb8vew&passive=1209600&flowName=WebLiteSignIn&flowEntry=ServiceLogin HTTP/1.1" 200 None
2023-06-21 09:19:24,415 DEBUG    urllib3.connectionpool Starting new HTTPS connection (1): cloudresourcemanager.googleapis.com:443
2023-06-21 09:19:24,525 DEBUG    urllib3.connectionpool https://cloudresourcemanager.googleapis.com:443 "GET /v1beta1/projects HTTP/1.1" 401 None
2023-06-21 09:19:24,537 DEBUG    urllib3.connectionpool Starting new HTTPS connection (1): www.googleapis.com:443
2023-06-21 09:19:24,598 DEBUG    urllib3.connectionpool https://www.googleapis.com:443 "GET /auth/cloud-platform HTTP/1.1" 200 14
2023-06-21 09:19:24,602 DEBUG    urllib3.connectionpool Starting new HTTPS connection (1): dl.google.com:443
2023-06-21 09:19:24,672 DEBUG    urllib3.connectionpool https://dl.google.com:443 "GET /dl/cloudsdk/channels/rapid/components-2.json HTTP/1.1" 200 208275
2023-06-21 09:19:24,885 INFO     ___FILE_ONLY___ Reachability Check passed.

2023-06-21 09:19:24,885 INFO     ___FILE_ONLY___ Network diagnostic passed (1/1 checks passed).


