2023-07-06 13:42:23,565 ERROR    root            (gcloud) Command name argument expected.
2023-07-06 13:42:23,566 DEBUG    root            No implementation for release track [GA] for element: [/Users/mackayfisher/google-cloud-sdk/lib/surface/dialogflow]
2023-07-06 13:42:23,566 DEBUG    root            Loaded Command Group: ['gcloud', 'scheduler']
2023-07-06 13:42:23,578 DEBUG    root            Loaded Command Group: ['gcloud', 'help']
2023-07-06 13:42:23,581 DEBUG    root            Loaded Command Group: ['gcloud', 'firebase']
2023-07-06 13:42:23,720 DEBUG    root            No implementation for release track [GA] for element: [/Users/mackayfisher/google-cloud-sdk/lib/surface/interactive]
2023-07-06 13:42:23,721 DEBUG    root            Loaded Command Group: ['gcloud', 'kms']
2023-07-06 13:42:23,723 DEBUG    root            Loaded Command Group: ['gcloud', 'looker']
2023-07-06 13:42:23,725 DEBUG    root            Loaded Command Group: ['gcloud', 'secrets']
2023-07-06 13:42:23,726 DEBUG    root            Loaded Command Group: ['gcloud', 'emulators']
2023-07-06 13:42:23,728 DEBUG    root            Loaded Command Group: ['gcloud', 'policy_intelligence']
2023-07-06 13:42:23,729 DEBUG    root            Loaded Command Group: ['gcloud', 'edge_cache']
2023-07-06 13:42:23,730 DEBUG    root            Loaded Command Group: ['gcloud', 'apigee']
2023-07-06 13:42:23,733 DEBUG    root            Loaded Command Group: ['gcloud', 'scc']
2023-07-06 13:42:23,735 DEBUG    root            Loaded Command Group: ['gcloud', 'anthos']
2023-07-06 13:42:23,736 DEBUG    root            Loaded Command Group: ['gcloud', 'active_directory']
2023-07-06 13:42:23,738 DEBUG    root            No implementation for release track [GA] for element: [/Users/mackayfisher/google-cloud-sdk/lib/surface/runtime_config]
2023-07-06 13:42:23,739 DEBUG    root            Loaded Command Group: ['gcloud', 'service_directory']
2023-07-06 13:42:23,740 DEBUG    root            Loaded Command Group: ['gcloud', 'alloydb']
2023-07-06 13:42:23,742 DEBUG    root            Loaded Command Group: ['gcloud', 'deploy']
2023-07-06 13:42:23,744 DEBUG    root            Loaded Command Group: ['gcloud', 'pubsub']
2023-07-06 13:42:23,746 DEBUG    root            No implementation for release track [GA] for element: [/Users/mackayfisher/google-cloud-sdk/lib/surface/telecomdatafabric]
2023-07-06 13:42:23,747 DEBUG    root            Loaded Command Group: ['gcloud', 'components']
2023-07-06 13:42:23,748 DEBUG    root            Loaded Command Group: ['gcloud', 'recaptcha']
2023-07-06 13:42:23,749 DEBUG    root            Loaded Command Group: ['gcloud', 'organizations']
2023-07-06 13:42:23,750 DEBUG    root            No implementation for release track [GA] for element: [/Users/mackayfisher/google-cloud-sdk/lib/surface/genomics]
2023-07-06 13:42:23,751 DEBUG    root            No implementation for release track [GA] for element: [/Users/mackayfisher/google-cloud-sdk/lib/surface/error_reporting]
2023-07-06 13:42:23,751 DEBUG    root            No implementation for release track [GA] for element: [/Users/mackayfisher/google-cloud-sdk/lib/surface/microservices]
2023-07-06 13:42:23,752 DEBUG    root            Loaded Command Group: ['gcloud', 'transcoder']
2023-07-06 13:42:23,755 DEBUG    root            Loaded Command Group: ['gcloud', 'storage']
2023-07-06 13:42:23,757 DEBUG    root            No implementation for release track [GA] for element: [/Users/mackayfisher/google-cloud-sdk/lib/surface/data_fusion]
2023-07-06 13:42:23,757 DEBUG    root            Loaded Command Group: ['gcloud', 'iot']
2023-07-06 13:42:23,758 DEBUG    root            No implementation for release track [GA] for element: [/Users/mackayfisher/google-cloud-sdk/lib/surface/media]
2023-07-06 13:42:23,759 DEBUG    root            Loaded Command Group: ['gcloud', 'artifacts']
2023-07-06 13:42:23,800 DEBUG    root            Loaded Command Group: ['gcloud', 'api_gateway']
2023-07-06 13:42:23,802 DEBUG    root            Loaded Command Group: ['gcloud', 'notebooks']
2023-07-06 13:42:23,805 DEBUG    root            Loaded Command Group: ['gcloud', 'cloud_shell']
2023-07-06 13:42:23,806 DEBUG    root            Loaded Command Group: ['gcloud', 'datastream']
2023-07-06 13:42:23,808 DEBUG    root            Loaded Command Group: ['gcloud', 'workflows']
2023-07-06 13:42:23,809 DEBUG    root            No implementation for release track [GA] for element: [/Users/mackayfisher/google-cloud-sdk/lib/surface/bq]
2023-07-06 13:42:23,810 DEBUG    root            Loaded Command Group: ['gcloud', 'network_connectivity']
2023-07-06 13:42:23,812 DEBUG    root            Loaded Command Group: ['gcloud', 'transfer']
2023-07-06 13:42:23,816 DEBUG    root            Loaded Command Group: ['gcloud', 'debug']
2023-07-06 13:42:23,817 DEBUG    root            Loaded Command Group: ['gcloud', 'services']
2023-07-06 13:42:23,819 DEBUG    root            No implementation for release track [GA] for element: [/Users/mackayfisher/google-cloud-sdk/lib/surface/remote_build_execution]
2023-07-06 13:42:23,820 DEBUG    root            No implementation for release track [GA] for element: [/Users/mackayfisher/google-cloud-sdk/lib/surface/resource_config]
2023-07-06 13:42:23,820 DEBUG    root            No implementation for release track [GA] for element: [/Users/mackayfisher/google-cloud-sdk/lib/surface/spectrum_access]
2023-07-06 13:42:23,828 DEBUG    root            Loaded Command Group: ['gcloud', 'builds']
2023-07-06 13:42:23,830 DEBUG    root            Loaded Command Group: ['gcloud', 'ai']
2023-07-06 13:42:23,835 DEBUG    root            Loaded Command Group: ['gcloud', 'resource_manager']
2023-07-06 13:42:23,836 DEBUG    root            Loaded Command Group: ['gcloud', 'policy_troubleshoot']
2023-07-06 13:42:23,837 DEBUG    root            No implementation for release track [GA] for element: [/Users/mackayfisher/google-cloud-sdk/lib/surface/trace]
2023-07-06 13:42:23,837 DEBUG    root            No implementation for release track [GA] for element: [/Users/mackayfisher/google-cloud-sdk/lib/surface/kuberun]
2023-07-06 13:42:23,838 DEBUG    root            Loaded Command Group: ['gcloud', 'batch']
2023-07-06 13:42:23,839 DEBUG    root            Loaded Command Group: ['gcloud', 'network_services']
2023-07-06 13:42:23,842 DEBUG    root            Loaded Command Group: ['gcloud', 'topic']
2023-07-06 13:42:23,843 DEBUG    root            Loaded Command Group: ['gcloud', 'metastore']
2023-07-06 13:42:23,845 DEBUG    root            Loaded Command Group: ['gcloud', 'iam']
2023-07-06 13:42:23,847 DEBUG    root            Loaded Command Group: ['gcloud', 'dns']
2023-07-06 13:42:23,849 DEBUG    root            Loaded Command Group: ['gcloud', 'ai_platform']
2023-07-06 13:42:23,851 DEBUG    root            Loaded Command Group: ['gcloud', 'redis']
2023-07-06 13:42:23,852 DEBUG    root            Loaded Command Group: ['gcloud', 'resource_settings']
2023-07-06 13:42:23,907 DEBUG    root            Loaded Command Group: ['gcloud', 'compute']
2023-07-06 13:42:23,922 DEBUG    root            Loaded Command Group: ['gcloud', 'init']
2023-07-06 13:42:23,923 DEBUG    root            No implementation for release track [GA] for element: [/Users/mackayfisher/google-cloud-sdk/lib/surface/datapipelines]
2023-07-06 13:42:23,923 DEBUG    root            No implementation for release track [GA] for element: [/Users/mackayfisher/google-cloud-sdk/lib/surface/dlp]
2023-07-06 13:42:23,924 DEBUG    root            No implementation for release track [GA] for element: [/Users/mackayfisher/google-cloud-sdk/lib/surface/workload_certificate]
2023-07-06 13:42:23,925 DEBUG    root            Loaded Command Group: ['gcloud', 'monitoring']
2023-07-06 13:42:23,928 DEBUG    root            Loaded Command Group: ['gcloud', 'essential_contacts']
2023-07-06 13:42:23,929 DEBUG    root            Loaded Command Group: ['gcloud', 'iap']
2023-07-06 13:42:23,930 DEBUG    root            Loaded Command Group: ['gcloud', 'dataproc']
2023-07-06 13:42:23,934 DEBUG    root            Loaded Command Group: ['gcloud', 'domains']
2023-07-06 13:42:23,935 DEBUG    root            Loaded Command Group: ['gcloud', 'immersive_stream']
2023-07-06 13:42:23,936 DEBUG    root            Loaded Command Group: ['gcloud', 'assured']
2023-07-06 13:42:23,936 DEBUG    root            No implementation for release track [GA] for element: [/Users/mackayfisher/google-cloud-sdk/lib/surface/apphub]
2023-07-06 13:42:23,937 DEBUG    root            No implementation for release track [GA] for element: [/Users/mackayfisher/google-cloud-sdk/lib/surface/network_actions]
2023-07-06 13:42:23,938 DEBUG    root            Loaded Command Group: ['gcloud', 'data_catalog']
2023-07-06 13:42:23,939 DEBUG    root            Loaded Command Group: ['gcloud', 'recommender']
2023-07-06 13:42:23,940 DEBUG    root            Loaded Command Group: ['gcloud', 'ml_engine']
2023-07-06 13:42:23,941 DEBUG    root            Loaded Command Group: ['gcloud', 'source']
2023-07-06 13:42:23,942 DEBUG    root            Loaded Command Group: ['gcloud', 'eventarc']
2023-07-06 13:42:23,945 DEBUG    root            Loaded Command Group: ['gcloud', 'healthcare']
2023-07-06 13:42:23,947 DEBUG    root            Loaded Command Group: ['gcloud', 'game']
2023-07-06 13:42:23,948 DEBUG    root            Loaded Command Group: ['gcloud', 'endpoints']
2023-07-06 13:42:23,949 DEBUG    root            Loaded Command Group: ['gcloud', 'sql']
2023-07-06 13:42:23,951 DEBUG    root            No implementation for release track [GA] for element: [/Users/mackayfisher/google-cloud-sdk/lib/surface/cbrs_spectrum_access]
2023-07-06 13:42:23,952 DEBUG    root            Loaded Command Group: ['gcloud', 'deployment_manager']
2023-07-06 13:42:23,953 DEBUG    root            No implementation for release track [GA] for element: [/Users/mackayfisher/google-cloud-sdk/lib/surface/lifesciences]
2023-07-06 13:42:23,954 DEBUG    root            No implementation for release track [GA] for element: [/Users/mackayfisher/google-cloud-sdk/lib/surface/config_manager]
2023-07-06 13:42:23,954 DEBUG    root            Loaded Command Group: ['gcloud', 'billing']
2023-07-06 13:42:23,955 DEBUG    root            Loaded Command Group: ['gcloud', 'network_management']
2023-07-06 13:42:23,956 DEBUG    root            No implementation for release track [GA] for element: [/Users/mackayfisher/google-cloud-sdk/lib/surface/web_security_scanner]
2023-07-06 13:42:23,957 DEBUG    root            Loaded Command Group: ['gcloud', 'dataflow']
2023-07-06 13:42:23,958 DEBUG    root            Loaded Command Group: ['gcloud', 'firestore']
2023-07-06 13:42:23,960 DEBUG    root            Loaded Command Group: ['gcloud', 'config']
2023-07-06 13:42:23,961 DEBUG    root            Loaded Command Group: ['gcloud', 'bigtable']
2023-07-06 13:42:23,964 DEBUG    root            No implementation for release track [GA] for element: [/Users/mackayfisher/google-cloud-sdk/lib/surface/blueprints]
2023-07-06 13:42:23,964 DEBUG    root            Loaded Command Group: ['gcloud', 'cheat_sheet']
2023-07-06 13:42:23,965 DEBUG    root            Loaded Command Group: ['gcloud', 'filestore']
2023-07-06 13:42:23,967 DEBUG    root            Loaded Command Group: ['gcloud', 'memcache']
2023-07-06 13:42:23,970 DEBUG    root            Loaded Command Group: ['gcloud', 'docker']
2023-07-06 13:42:23,971 DEBUG    root            Loaded Command Group: ['gcloud', 'publicca']
2023-07-06 13:42:23,972 DEBUG    root            Loaded Command Group: ['gcloud', 'identity']
2023-07-06 13:42:23,973 DEBUG    root            No implementation for release track [GA] for element: [/Users/mackayfisher/google-cloud-sdk/lib/surface/mps]
2023-07-06 13:42:23,973 DEBUG    root            Loaded Command Group: ['gcloud', 'access_context_manager']
2023-07-06 13:42:23,975 DEBUG    root            Loaded Command Group: ['gcloud', 'dataplex']
2023-07-06 13:42:23,980 DEBUG    root            Loaded Command Group: ['gcloud', 'certificate_manager']
2023-07-06 13:42:23,982 DEBUG    root            Loaded Command Group: ['gcloud', 'app']
2023-07-06 13:42:23,985 DEBUG    root            Loaded Command Group: ['gcloud', 'composer']
2023-07-06 13:42:23,987 DEBUG    root            Loaded Command Group: ['gcloud', 'asset']
2023-07-06 13:42:23,988 DEBUG    root            Loaded Command Group: ['gcloud', 'database_migration']
2023-07-06 13:42:23,990 DEBUG    root            Loaded Command Group: ['gcloud', 'network_security']
2023-07-06 13:42:23,992 DEBUG    root            Loaded Command Group: ['gcloud', 'run']
2023-07-06 13:42:23,994 DEBUG    root            No implementation for release track [GA] for element: [/Users/mackayfisher/google-cloud-sdk/lib/surface/workstations]
2023-07-06 13:42:23,997 DEBUG    root            Loaded Command Group: ['gcloud', 'functions']
2023-07-06 13:42:23,998 DEBUG    root            Loaded Command Group: ['gcloud', 'datastore']
2023-07-06 13:42:23,999 DEBUG    root            No implementation for release track [GA] for element: [/Users/mackayfisher/google-cloud-sdk/lib/surface/commerce_procurement]
2023-07-06 13:42:23,999 DEBUG    root            No implementation for release track [GA] for element: [/Users/mackayfisher/google-cloud-sdk/lib/surface/source_manager]
2023-07-06 13:42:24,000 DEBUG    root            Loaded Command Group: ['gcloud', 'vmware']
2023-07-06 13:42:24,003 DEBUG    root            No implementation for release track [GA] for element: [/Users/mackayfisher/google-cloud-sdk/lib/surface/telco_automation]
2023-07-06 13:42:24,004 DEBUG    root            Loaded Command Group: ['gcloud', 'projects']
2023-07-06 13:42:24,005 DEBUG    root            Loaded Command Group: ['gcloud', 'ml']
2023-07-06 13:42:24,007 DEBUG    root            Loaded Command Group: ['gcloud', 'access_approval']
2023-07-06 13:42:24,008 DEBUG    root            No implementation for release track [GA] for element: [/Users/mackayfisher/google-cloud-sdk/lib/surface/netapp]
2023-07-06 13:42:24,009 DEBUG    root            Loaded Command Group: ['gcloud', 'meta']
2023-07-06 13:42:24,010 DEBUG    root            Loaded Command Group: ['gcloud', 'version']
2023-07-06 13:42:24,011 DEBUG    root            Loaded Command Group: ['gcloud', 'bms']
2023-07-06 13:42:24,013 DEBUG    root            Loaded Command Group: ['gcloud', 'spanner']
2023-07-06 13:42:24,019 DEBUG    root            Loaded Command Group: ['gcloud', 'survey']
2023-07-06 13:42:24,023 DEBUG    root            Loaded Command Group: ['gcloud', 'info']
2023-07-06 13:42:24,024 DEBUG    root            Loaded Command Group: ['gcloud', 'org_policies']
2023-07-06 13:42:24,025 DEBUG    root            No implementation for release track [GA] for element: [/Users/mackayfisher/google-cloud-sdk/lib/surface/beyondcorp]
2023-07-06 13:42:24,026 DEBUG    root            Loaded Command Group: ['gcloud', 'ids']
2023-07-06 13:42:24,027 DEBUG    root            Loaded Command Group: ['gcloud', 'edge_cloud']
2023-07-06 13:42:24,028 DEBUG    root            Loaded Command Group: ['gcloud', 'logging']
2023-07-06 13:42:24,030 DEBUG    root            No implementation for release track [GA] for element: [/Users/mackayfisher/google-cloud-sdk/lib/surface/terraform]
2023-07-06 13:42:24,030 DEBUG    root            Loaded Command Group: ['gcloud', 'auth']
2023-07-06 13:42:24,031 DEBUG    root            No implementation for release track [GA] for element: [/Users/mackayfisher/google-cloud-sdk/lib/surface/blockchain_node_engine]
2023-07-06 13:42:24,033 DEBUG    root            Loaded Command Group: ['gcloud', 'feedback']
2023-07-06 13:42:24,037 DEBUG    root            No implementation for release track [GA] for element: [/Users/mackayfisher/google-cloud-sdk/lib/surface/code]
2023-07-06 13:42:24,037 DEBUG    root            Loaded Command Group: ['gcloud', 'workspace_add_ons']
2023-07-06 13:42:24,038 DEBUG    root            Loaded Command Group: ['gcloud', 'privateca']
2023-07-06 13:42:24,040 DEBUG    root            Loaded Command Group: ['gcloud', 'tasks']
2023-07-06 13:42:24,041 DEBUG    root            Chosen display Format:table[no-heading,margin=6,width=80]([0]:label='':align=left:width=22,[1]:label='':align=left:wrap)
2023-07-06 13:42:24,042 DEBUG    root            Chosen display Format:table[no-heading,margin=6,width=80]([0]:label='':align=left:width=22,[1]:label='':align=left:wrap)
2023-07-06 13:42:24,043 DEBUG    root            Chosen display Format:table[no-heading,margin=6,width=80]([0]:label='':align=left:width=22,[1]:label='':align=left:wrap)
2023-07-06 13:42:24,043 DEBUG    root            Chosen display Format:table[no-heading,margin=6,width=80]([0]:label='':align=left:width=22,[1]:label='':align=left:wrap)
2023-07-06 13:42:24,043 DEBUG    root            Chosen display Format:table[no-heading,margin=6,width=80]([0]:label='':align=left:width=22,[1]:label='':align=left:wrap)
2023-07-06 13:42:24,043 DEBUG    root            Chosen display Format:table[no-heading,margin=6,width=80]([0]:label='':align=left:width=22,[1]:label='':align=left:wrap)
2023-07-06 13:42:24,044 DEBUG    root            Chosen display Format:table[no-heading,margin=6,width=80]([0]:label='':align=left:width=22,[1]:label='':align=left:wrap)
2023-07-06 13:42:24,044 DEBUG    root            Chosen display Format:table[no-heading,margin=6,width=80]([0]:label='':align=left:width=22,[1]:label='':align=left:wrap)
2023-07-06 13:42:24,045 DEBUG    root            Chosen display Format:table[no-heading,margin=6,width=80]([0]:label='':align=left:width=22,[1]:label='':align=left:wrap)
2023-07-06 13:42:24,045 DEBUG    root            Chosen display Format:table[no-heading,margin=6,width=80]([0]:label='':align=left:width=22,[1]:label='':align=left:wrap)
2023-07-06 13:42:24,046 DEBUG    root            Chosen display Format:table[no-heading,margin=6,width=80]([0]:label='':align=left:width=22,[1]:label='':align=left:wrap)
2023-07-06 13:42:24,047 DEBUG    root            Chosen display Format:table[no-heading,margin=6,width=80]([0]:label='':align=left:width=22,[1]:label='':align=left:wrap)
2023-07-06 13:42:24,047 DEBUG    root            Chosen display Format:table[no-heading,margin=6,width=80]([0]:label='':align=left:width=22,[1]:label='':align=left:wrap)
2023-07-06 13:42:24,048 DEBUG    root            Chosen display Format:table[no-heading,margin=6,width=80]([0]:label='':align=left:width=22,[1]:label='':align=left:wrap)
2023-07-06 13:42:24,048 DEBUG    root            Chosen display Format:table[no-heading,margin=6,width=80]([0]:label='':align=left:width=22,[1]:label='':align=left:wrap)
2023-07-06 13:42:24,048 DEBUG    root            Chosen display Format:table[no-heading,margin=6,width=80]([0]:label='':align=left:width=22,[1]:label='':align=left:wrap)
2023-07-06 13:42:24,048 DEBUG    root            Chosen display Format:table[no-heading,margin=6,width=80]([0]:label='':align=left:width=22,[1]:label='':align=left:wrap)
2023-07-06 13:42:24,049 DEBUG    root            Chosen display Format:table[no-heading,margin=6,width=80]([0]:label='':align=left:width=22,[1]:label='':align=left:wrap)
2023-07-06 13:42:24,049 DEBUG    root            Chosen display Format:table[no-heading,margin=6,width=80]([0]:label='':align=left:width=22,[1]:label='':align=left:wrap)
2023-07-06 13:42:24,049 DEBUG    root            Chosen display Format:table[no-heading,margin=6,width=80]([0]:label='':align=left:width=22,[1]:label='':align=left:wrap)
2023-07-06 13:42:24,050 DEBUG    root            Chosen display Format:table[no-heading,margin=6,width=80]([0]:label='':align=left:width=22,[1]:label='':align=left:wrap)
2023-07-06 13:42:24,050 DEBUG    root            Chosen display Format:table[no-heading,margin=6,width=80]([0]:label='':align=left:width=22,[1]:label='':align=left:wrap)
2023-07-06 13:42:24,050 DEBUG    root            Chosen display Format:table[no-heading,margin=6,width=80]([0]:label='':align=left:width=22,[1]:label='':align=left:wrap)
2023-07-06 13:42:24,050 DEBUG    root            Chosen display Format:table[no-heading,margin=6,width=80]([0]:label='':align=left:width=22,[1]:label='':align=left:wrap)
2023-07-06 13:42:24,051 DEBUG    root            Chosen display Format:table[no-heading,margin=6,width=80]([0]:label='':align=left:width=22,[1]:label='':align=left:wrap)
2023-07-06 13:42:24,051 DEBUG    root            Chosen display Format:table[no-heading,margin=6,width=80]([0]:label='':align=left:width=22,[1]:label='':align=left:wrap)
2023-07-06 13:42:24,051 DEBUG    root            Chosen display Format:table[no-heading,margin=6,width=80]([0]:label='':align=left:width=22,[1]:label='':align=left:wrap)
