2023-07-06 14:27:04,818 DEBUG    root            Loaded Command Group: ['gcloud', 'auth']
2023-07-06 14:27:04,819 DEBUG    root            Loaded Command Group: ['gcloud', 'auth', 'application_default']
2023-07-06 14:27:04,820 DEBUG    root            Loaded Command Group: ['gcloud', 'auth', 'application-default', 'login']
2023-07-06 14:27:04,821 DEBUG    root            Running [gcloud.auth.application-default.login] with arguments: []
2023-07-06 14:27:04,832 DEBUG    requests_oauthlib.oauth2_session Generated new state rr5ZRcHlzISnFij4szUTz4aayV4dzZ.
2023-07-06 14:27:05,082 INFO     ___FILE_ONLY___ Your browser has been opened to visit:

    https://accounts.google.com/o/oauth2/auth?response_type=code&client_id=764086051850-6qr4p6gpi6hn506pt8ejuq83di341hur.apps.googleusercontent.com&redirect_uri=http%3A%2F%2Flocalhost%3A8085%2F&scope=openid+https%3A%2F%2Fwww.googleapis.com%2Fauth%2Fuserinfo.email+https%3A%2F%2Fwww.googleapis.com%2Fauth%2Fcloud-platform+https%3A%2F%2Fwww.googleapis.com%2Fauth%2Fsqlservice.login+https%3A%2F%2Fwww.googleapis.com%2Fauth%2Faccounts.reauth&state=rr5ZRcHlzISnFij4szUTz4aayV4dzZ&access_type=offline&code_challenge=pxinzLA6ixjBJTUat0xJ-guJEwl3WGeTUG_TpNV4vck&code_challenge_method=S256


2023-07-06 14:27:13,415 INFO     google_auth_oauthlib.flow "GET /?state=rr5ZRcHlzISnFij4szUTz4aayV4dzZ&code=4/0AZEOvhWqErlRgTGlJiPMGdQvVBaIET13PpvP9B-0ASBObktRaASy13SaLLl14P2w9nZ-oQ&scope=email%20openid%20https://www.googleapis.com/auth/userinfo.email%20https://www.googleapis.com/auth/cloud-platform%20https://www.googleapis.com/auth/sqlservice.login%20https://www.googleapis.com/auth/accounts.reauth&authuser=0&prompt=consent HTTP/1.1" 200 959
2023-07-06 14:27:13,417 DEBUG    requests_oauthlib.oauth2_session Requesting url https://oauth2.googleapis.com/token using method POST.
2023-07-06 14:27:13,417 DEBUG    requests_oauthlib.oauth2_session Supplying headers {b'Accept': b'application/json', b'Content-Type': b'application/x-www-form-urlencoded;charset=UTF-8', b'user-agent': b'google-cloud-sdk gcloud/435.0.1 command/gcloud.auth.application-default.login invocation-id/900b99d45b0a4281b7bf2e06d271f811 environment/None environment-version/None client-os/MACOSX client-os-ver/22.4.0 client-pltf-arch/arm interactive/True from-script/False python/3.11.3 term/xterm-256color (Macintosh; Intel Mac OS X 22.4.0)'} and data {'grant_type': 'authorization_code', 'client_id': '764086051850-6qr4p6gpi6hn506pt8ejuq83di341hur.apps.googleusercontent.com', 'client_secret': 'd-FL95Q19q7MQmFpd7hHD0Ty', 'code': '4/0AZEOvhWqErlRgTGlJiPMGdQvVBaIET13PpvP9B-0ASBObktRaASy13SaLLl14P2w9nZ-oQ', 'redirect_uri': 'http://localhost:8085/', 'code_verifier': 'SzJNOryTC_dj42~2~0~7XFcnM72CcHQ5DQ5i3dKFaVTtcVHLFyDDeu5-kaVZ2F3tXa6nwaFPL_17RAJDQXv.8ma_5prGXnv-NkgD7foPtXDuE8yKGWKWbE8ivtXPLyj0'}
2023-07-06 14:27:13,417 DEBUG    requests_oauthlib.oauth2_session Passing through key word arguments {'json': None, 'timeout': None, 'auth': None, 'verify': None, 'proxies': None}.
2023-07-06 14:27:13,449 DEBUG    urllib3.connectionpool Starting new HTTPS connection (1): oauth2.googleapis.com:443
2023-07-06 14:27:13,600 DEBUG    urllib3.connectionpool https://oauth2.googleapis.com:443 "POST /token HTTP/1.1" 200 None
2023-07-06 14:27:13,601 DEBUG    requests_oauthlib.oauth2_session Prepared fetch token request body grant_type=authorization_code&client_id=764086051850-6qr4p6gpi6hn506pt8ejuq83di341hur.apps.googleusercontent.com&client_secret=d-FL95Q19q7MQmFpd7hHD0Ty&code=4%2F0AZEOvhWqErlRgTGlJiPMGdQvVBaIET13PpvP9B-0ASBObktRaASy13SaLLl14P2w9nZ-oQ&redirect_uri=http%3A%2F%2Flocalhost%3A8085%2F&code_verifier=SzJNOryTC_dj42~2~0~7XFcnM72CcHQ5DQ5i3dKFaVTtcVHLFyDDeu5-kaVZ2F3tXa6nwaFPL_17RAJDQXv.8ma_5prGXnv-NkgD7foPtXDuE8yKGWKWbE8ivtXPLyj0
2023-07-06 14:27:13,601 DEBUG    requests_oauthlib.oauth2_session Request to fetch token completed with status 200.
2023-07-06 14:27:13,601 DEBUG    requests_oauthlib.oauth2_session Request headers were {'user-agent': b'google-cloud-sdk gcloud/435.0.1 command/gcloud.auth.application-default.login invocation-id/900b99d45b0a4281b7bf2e06d271f811 environment/None environment-version/None client-os/MACOSX client-os-ver/22.4.0 client-pltf-arch/arm interactive/True from-script/False python/3.11.3 term/xterm-256color (Macintosh; Intel Mac OS X 22.4.0)', 'Accept-Encoding': 'gzip, deflate', 'Accept': b'application/json', 'Connection': 'keep-alive', 'Content-Type': b'application/x-www-form-urlencoded;charset=UTF-8', 'Content-Length': '421'}
2023-07-06 14:27:13,602 DEBUG    requests_oauthlib.oauth2_session Request body was grant_type=authorization_code&client_id=764086051850-6qr4p6gpi6hn506pt8ejuq83di341hur.apps.googleusercontent.com&client_secret=d-FL95Q19q7MQmFpd7hHD0Ty&code=4%2F0AZEOvhWqErlRgTGlJiPMGdQvVBaIET13PpvP9B-0ASBObktRaASy13SaLLl14P2w9nZ-oQ&redirect_uri=http%3A%2F%2Flocalhost%3A8085%2F&code_verifier=SzJNOryTC_dj42~2~0~7XFcnM72CcHQ5DQ5i3dKFaVTtcVHLFyDDeu5-kaVZ2F3tXa6nwaFPL_17RAJDQXv.8ma_5prGXnv-NkgD7foPtXDuE8yKGWKWbE8ivtXPLyj0
2023-07-06 14:27:13,602 DEBUG    requests_oauthlib.oauth2_session Response headers were {'Date': 'Thu, 06 Jul 2023 19:27:13 GMT', 'Pragma': 'no-cache', 'Cache-Control': 'no-cache, no-store, max-age=0, must-revalidate', 'Expires': 'Mon, 01 Jan 1990 00:00:00 GMT', 'Content-Type': 'application/json; charset=utf-8', 'Vary': 'Origin, X-Origin, Referer', 'Content-Encoding': 'gzip', 'Server': 'scaffolding on HTTPServer2', 'X-XSS-Protection': '0', 'X-Frame-Options': 'SAMEORIGIN', 'X-Content-Type-Options': 'nosniff', 'Alt-Svc': 'h3=":443"; ma=2592000,h3-29=":443"; ma=2592000', 'Transfer-Encoding': 'chunked'} and content {
  "access_token": "ya29.a0AbVbY6MG5XCD3QW0yZG1Ni_GZrN70xj9wXallJgzjgOoQOfyUt5G-3H9HyXsMl1kmIPTe1gFLFHzBXalhtKc-6Cc_5yogf5qkSWrndiNp9LehFsN-oVqnxPvzAuSMMV2ARqIMoKyLi9ryx6FMbEv0oXUjor2aCgYKAdMSARMSFQFWKvPlaLxFBtG2e1EmCWuFj_ZK1Q0163",
  "expires_in": 3599,
  "refresh_token": "1//0ffl74Pqv98u6CgYIARAAGA8SNgF-L9Irt4whT5e8uBT1rh4jKQEX-BN_FROwg0N2Q0LF5dwcB8zF4kDq4Pr0ABH3n0aw18xszw",
  "scope": "https://www.googleapis.com/auth/userinfo.email https://www.googleapis.com/auth/cloud-platform openid https://www.googleapis.com/auth/sqlservice.login https://www.googleapis.com/auth/accounts.reauth",
  "token_type": "Bearer",
  "id_token": "eyJhbGciOiJSUzI1NiIsImtpZCI6IjkzNDFkZWRlZWUyZDE4NjliNjU3ZmE5MzAzMDAwODJmZTI2YjNkOTIiLCJ0eXAiOiJKV1QifQ.eyJpc3MiOiJodHRwczovL2FjY291bnRzLmdvb2dsZS5jb20iLCJhenAiOiI3NjQwODYwNTE4NTAtNnFyNHA2Z3BpNmhuNTA2cHQ4ZWp1cTgzZGkzNDFodXIuYXBwcy5nb29nbGV1c2VyY29udGVudC5jb20iLCJhdWQiOiI3NjQwODYwNTE4NTAtNnFyNHA2Z3BpNmhuNTA2cHQ4ZWp1cTgzZGkzNDFodXIuYXBwcy5nb29nbGV1c2VyY29udGVudC5jb20iLCJzdWIiOiIxMTE5NDg4MDMxMTc0MjQ0OTI5MDMiLCJlbWFpbCI6Im1hY2tleS5maXNoZXJAYmlsZGl0LmNvIiwiZW1haWxfdmVyaWZpZWQiOnRydWUsImF0X2hhc2giOiJRMmpqVnNFd0Rxd0lnVDBwZmNuOUJBIiwiaWF0IjoxNjg4NjcxNjMzLCJleHAiOjE2ODg2NzUyMzN9.gYrWZ-G2GQc_wnwuU1X8P-BsmH83yRS0YHt1hHcWAqom1BpWUnfYYFDYlN4PZEzSV9lb5tFyG6Y3hIX9ENFlG_C9cLuGxHIHxD0AJQrJA_lusUXTFR4OFD365ABWrHTmtceyBBCzk5dHj7X4s6A6EZl-TBDddwyJCbE6rDzk3qQxO8LS4jbNxJrfSJMIW6DdG98aU9y-Mq3_tHMuWDT6vR8xDVPzLCeeAay4sHlKPJoIlWQaXJM-7rv181yiwpzbwZKZISu0qj6bvqm1Wv8EGiFw2MpIIICDaszhY9Kzy3AePGx--k_WPfzXspydLiSURjJ81WBfmFcmEs4Uae2MWw"
}.
2023-07-06 14:27:13,602 DEBUG    requests_oauthlib.oauth2_session Invoking 0 token response hooks.
2023-07-06 14:27:13,602 DEBUG    requests_oauthlib.oauth2_session Obtained token {'access_token': 'ya29.a0AbVbY6MG5XCD3QW0yZG1Ni_GZrN70xj9wXallJgzjgOoQOfyUt5G-3H9HyXsMl1kmIPTe1gFLFHzBXalhtKc-6Cc_5yogf5qkSWrndiNp9LehFsN-oVqnxPvzAuSMMV2ARqIMoKyLi9ryx6FMbEv0oXUjor2aCgYKAdMSARMSFQFWKvPlaLxFBtG2e1EmCWuFj_ZK1Q0163', 'expires_in': 3599, 'refresh_token': '1//0ffl74Pqv98u6CgYIARAAGA8SNgF-L9Irt4whT5e8uBT1rh4jKQEX-BN_FROwg0N2Q0LF5dwcB8zF4kDq4Pr0ABH3n0aw18xszw', 'scope': ['https://www.googleapis.com/auth/userinfo.email', 'https://www.googleapis.com/auth/cloud-platform', 'openid', 'https://www.googleapis.com/auth/sqlservice.login', 'https://www.googleapis.com/auth/accounts.reauth'], 'token_type': 'Bearer', 'id_token': 'eyJhbGciOiJSUzI1NiIsImtpZCI6IjkzNDFkZWRlZWUyZDE4NjliNjU3ZmE5MzAzMDAwODJmZTI2YjNkOTIiLCJ0eXAiOiJKV1QifQ.eyJpc3MiOiJodHRwczovL2FjY291bnRzLmdvb2dsZS5jb20iLCJhenAiOiI3NjQwODYwNTE4NTAtNnFyNHA2Z3BpNmhuNTA2cHQ4ZWp1cTgzZGkzNDFodXIuYXBwcy5nb29nbGV1c2VyY29udGVudC5jb20iLCJhdWQiOiI3NjQwODYwNTE4NTAtNnFyNHA2Z3BpNmhuNTA2cHQ4ZWp1cTgzZGkzNDFodXIuYXBwcy5nb29nbGV1c2VyY29udGVudC5jb20iLCJzdWIiOiIxMTE5NDg4MDMxMTc0MjQ0OTI5MDMiLCJlbWFpbCI6Im1hY2tleS5maXNoZXJAYmlsZGl0LmNvIiwiZW1haWxfdmVyaWZpZWQiOnRydWUsImF0X2hhc2giOiJRMmpqVnNFd0Rxd0lnVDBwZmNuOUJBIiwiaWF0IjoxNjg4NjcxNjMzLCJleHAiOjE2ODg2NzUyMzN9.gYrWZ-G2GQc_wnwuU1X8P-BsmH83yRS0YHt1hHcWAqom1BpWUnfYYFDYlN4PZEzSV9lb5tFyG6Y3hIX9ENFlG_C9cLuGxHIHxD0AJQrJA_lusUXTFR4OFD365ABWrHTmtceyBBCzk5dHj7X4s6A6EZl-TBDddwyJCbE6rDzk3qQxO8LS4jbNxJrfSJMIW6DdG98aU9y-Mq3_tHMuWDT6vR8xDVPzLCeeAay4sHlKPJoIlWQaXJM-7rv181yiwpzbwZKZISu0qj6bvqm1Wv8EGiFw2MpIIICDaszhY9Kzy3AePGx--k_WPfzXspydLiSURjJ81WBfmFcmEs4Uae2MWw', 'expires_at': 1688675232.602266}.
2023-07-06 14:27:13,609 INFO     ___FILE_ONLY___ 
Credentials saved to file: [/Users/mackayfisher/.config/gcloud/application_default_credentials.json]

2023-07-06 14:27:13,610 INFO     ___FILE_ONLY___ 
These credentials will be used by any library that requests Application Default Credentials (ADC).

2023-07-06 14:27:13,610 WARNING  root            
Cannot find a quota project to add to ADC. You might receive a "quota exceeded" or "API not enabled" error. Run $ gcloud auth application-default set-quota-project to add a quota project.
2023-07-06 14:27:13,611 DEBUG    root            Chosen display Format:none
2023-07-06 14:27:13,611 INFO     root            Display format: "none"
