2023-07-06 15:15:28,534 DEBUG    root            No implementation for release track [GA] for element: [/Users/mackayfisher/google-cloud-sdk/lib/surface/dlp]
2023-07-06 15:15:28,534 DEBUG    root            No implementation for release track [GA] for element: [/Users/mackayfisher/google-cloud-sdk/lib/surface/spectrum_access]
2023-07-06 15:15:28,535 DEBUG    root            Loaded Command Group: ['gcloud', 'eventarc']
2023-07-06 15:15:28,537 DEBUG    root            No implementation for release track [GA] for element: [/Users/mackayfisher/google-cloud-sdk/lib/surface/commerce_procurement]
2023-07-06 15:15:28,537 DEBUG    root            Loaded Command Group: ['gcloud', 'bms']
2023-07-06 15:15:28,538 DEBUG    root            No implementation for release track [GA] for element: [/Users/mackayfisher/google-cloud-sdk/lib/surface/dialogflow]
2023-07-06 15:15:28,538 DEBUG    root            Loaded Command Group: ['gcloud', 'deploy']
2023-07-06 15:15:28,540 DEBUG    root            Loaded Command Group: ['gcloud', 'dataplex']
2023-07-06 15:15:28,560 DEBUG    root            Loaded Command Group: ['gcloud', 'compute']
2023-07-06 15:15:28,562 DEBUG    root            Loaded Command Group: ['gcloud', 'edge_cache']
2023-07-06 15:15:28,563 DEBUG    root            Loaded Command Group: ['gcloud', 'app']
2023-07-06 15:15:28,564 DEBUG    root            Loaded Command Group: ['gcloud', 'network_services']
2023-07-06 15:15:28,565 DEBUG    root            Loaded Command Group: ['gcloud', 'logging']
2023-07-06 15:15:28,566 DEBUG    root            Loaded Command Group: ['gcloud', 'monitoring']
2023-07-06 15:15:28,567 DEBUG    root            Loaded Command Group: ['gcloud', 'database_migration']
2023-07-06 15:15:28,568 DEBUG    root            Loaded Command Group: ['gcloud', 'active_directory']
2023-07-06 15:15:28,568 DEBUG    root            Loaded Command Group: ['gcloud', 'firebase']
2023-07-06 15:15:28,569 DEBUG    root            Loaded Command Group: ['gcloud', 'projects']
2023-07-06 15:15:28,571 DEBUG    root            Loaded Command Group: ['gcloud', 'datastream']
2023-07-06 15:15:28,571 DEBUG    root            Loaded Command Group: ['gcloud', 'billing']
2023-07-06 15:15:28,572 DEBUG    root            Loaded Command Group: ['gcloud', 'sql']
2023-07-06 15:15:28,573 DEBUG    root            Loaded Command Group: ['gcloud', 'apigee']
2023-07-06 15:15:28,573 DEBUG    root            Loaded Command Group: ['gcloud', 'alloydb']
2023-07-06 15:15:28,574 DEBUG    root            Loaded Command Group: ['gcloud', 'kms']
2023-07-06 15:15:28,584 DEBUG    root            Loaded Command Group: ['gcloud', 'ai_platform']
2023-07-06 15:15:28,585 DEBUG    root            Loaded Command Group: ['gcloud', 'services']
2023-07-06 15:15:28,586 DEBUG    root            No implementation for release track [GA] for element: [/Users/mackayfisher/google-cloud-sdk/lib/surface/network_actions]
2023-07-06 15:15:28,586 DEBUG    root            Loaded Command Group: ['gcloud', 'source']
2023-07-06 15:15:28,587 DEBUG    root            Loaded Command Group: ['gcloud', 'resource_manager']
2023-07-06 15:15:28,587 DEBUG    root            Loaded Command Group: ['gcloud', 'policy_intelligence']
2023-07-06 15:15:28,588 DEBUG    root            Loaded Command Group: ['gcloud', 'looker']
2023-07-06 15:15:28,588 DEBUG    root            Loaded Command Group: ['gcloud', 'recommender']
2023-07-06 15:15:28,591 DEBUG    root            Loaded Command Group: ['gcloud', 'functions']
2023-07-06 15:15:28,592 DEBUG    root            No implementation for release track [GA] for element: [/Users/mackayfisher/google-cloud-sdk/lib/surface/telecomdatafabric]
2023-07-06 15:15:28,592 DEBUG    root            No implementation for release track [GA] for element: [/Users/mackayfisher/google-cloud-sdk/lib/surface/config_manager]
2023-07-06 15:15:28,592 DEBUG    root            No implementation for release track [GA] for element: [/Users/mackayfisher/google-cloud-sdk/lib/surface/bq]
2023-07-06 15:15:28,592 DEBUG    root            Loaded Command Group: ['gcloud', 'identity']
2023-07-06 15:15:28,593 DEBUG    root            Loaded Command Group: ['gcloud', 'dataproc']
2023-07-06 15:15:28,594 DEBUG    root            Loaded Command Group: ['gcloud', 'dns']
2023-07-06 15:15:28,595 DEBUG    root            Loaded Command Group: ['gcloud', 'org_policies']
2023-07-06 15:15:28,596 DEBUG    root            Loaded Command Group: ['gcloud', 'vmware']
2023-07-06 15:15:28,596 DEBUG    root            Loaded Command Group: ['gcloud', 'emulators']
2023-07-06 15:15:28,597 DEBUG    root            No implementation for release track [GA] for element: [/Users/mackayfisher/google-cloud-sdk/lib/surface/resource_config]
2023-07-06 15:15:28,597 DEBUG    root            Loaded Command Group: ['gcloud', 'resource_settings']
2023-07-06 15:15:28,599 DEBUG    root            Loaded Command Group: ['gcloud', 'storage']
2023-07-06 15:15:28,599 DEBUG    root            Loaded Command Group: ['gcloud', 'redis']
2023-07-06 15:15:28,600 DEBUG    root            Loaded Command Group: ['gcloud', 'iam']
2023-07-06 15:15:28,601 DEBUG    root            No implementation for release track [GA] for element: [/Users/mackayfisher/google-cloud-sdk/lib/surface/data_fusion]
2023-07-06 15:15:28,601 DEBUG    root            Loaded Command Group: ['gcloud', 'ai']
2023-07-06 15:15:28,602 DEBUG    root            Loaded Command Group: ['gcloud', 'organizations']
2023-07-06 15:15:28,602 DEBUG    root            Loaded Command Group: ['gcloud', 'publicca']
2023-07-06 15:15:28,603 DEBUG    root            Loaded Command Group: ['gcloud', 'domains']
2023-07-06 15:15:28,603 DEBUG    root            Loaded Command Group: ['gcloud', 'service_directory']
2023-07-06 15:15:28,604 DEBUG    root            Loaded Command Group: ['gcloud', 'filestore']
2023-07-06 15:15:28,606 DEBUG    root            Loaded Command Group: ['gcloud', 'debug']
2023-07-06 15:15:28,607 DEBUG    root            No implementation for release track [GA] for element: [/Users/mackayfisher/google-cloud-sdk/lib/surface/mps]
2023-07-06 15:15:28,607 DEBUG    root            Loaded Command Group: ['gcloud', 'immersive_stream']
2023-07-06 15:15:28,608 DEBUG    root            No implementation for release track [GA] for element: [/Users/mackayfisher/google-cloud-sdk/lib/surface/lifesciences]
2023-07-06 15:15:28,608 DEBUG    root            No implementation for release track [GA] for element: [/Users/mackayfisher/google-cloud-sdk/lib/surface/microservices]
2023-07-06 15:15:28,608 DEBUG    root            No implementation for release track [GA] for element: [/Users/mackayfisher/google-cloud-sdk/lib/surface/telco_automation]
2023-07-06 15:15:28,608 DEBUG    root            No implementation for release track [GA] for element: [/Users/mackayfisher/google-cloud-sdk/lib/surface/terraform]
2023-07-06 15:15:28,608 DEBUG    root            Loaded Command Group: ['gcloud', 'memcache']
2023-07-06 15:15:28,609 DEBUG    root            Loaded Command Group: ['gcloud', 'edge_cloud']
2023-07-06 15:15:28,610 DEBUG    root            No implementation for release track [GA] for element: [/Users/mackayfisher/google-cloud-sdk/lib/surface/error_reporting]
2023-07-06 15:15:28,610 DEBUG    root            No implementation for release track [GA] for element: [/Users/mackayfisher/google-cloud-sdk/lib/surface/netapp]
2023-07-06 15:15:28,610 DEBUG    root            No implementation for release track [GA] for element: [/Users/mackayfisher/google-cloud-sdk/lib/surface/genomics]
2023-07-06 15:15:28,611 DEBUG    root            Loaded Command Group: ['gcloud', 'api_gateway']
2023-07-06 15:15:28,612 DEBUG    root            Loaded Command Group: ['gcloud', 'composer']
2023-07-06 15:15:28,613 DEBUG    root            Loaded Command Group: ['gcloud', 'tasks']
2023-07-06 15:15:28,613 DEBUG    root            Loaded Command Group: ['gcloud', 'data_catalog']
2023-07-06 15:15:28,614 DEBUG    root            No implementation for release track [GA] for element: [/Users/mackayfisher/google-cloud-sdk/lib/surface/blockchain_node_engine]
2023-07-06 15:15:28,614 DEBUG    root            Loaded Command Group: ['gcloud', 'ml_engine']
2023-07-06 15:15:28,615 DEBUG    root            Loaded Command Group: ['gcloud', 'healthcare']
2023-07-06 15:15:28,616 DEBUG    root            Loaded Command Group: ['gcloud', 'iap']
2023-07-06 15:15:28,616 DEBUG    root            No implementation for release track [GA] for element: [/Users/mackayfisher/google-cloud-sdk/lib/surface/kuberun]
2023-07-06 15:15:28,617 DEBUG    root            Loaded Command Group: ['gcloud', 'version']
2023-07-06 15:15:28,617 DEBUG    root            Loaded Command Group: ['gcloud', 'metastore']
2023-07-06 15:15:28,618 DEBUG    root            Loaded Command Group: ['gcloud', 'ml']
2023-07-06 15:15:28,618 DEBUG    root            Loaded Command Group: ['gcloud', 'assured']
2023-07-06 15:15:28,619 DEBUG    root            Loaded Command Group: ['gcloud', 'policy_troubleshoot']
2023-07-06 15:15:28,620 DEBUG    root            Loaded Command Group: ['gcloud', 'endpoints']
2023-07-06 15:15:28,620 DEBUG    root            No implementation for release track [GA] for element: [/Users/mackayfisher/google-cloud-sdk/lib/surface/media]
2023-07-06 15:15:28,620 DEBUG    root            Loaded Command Group: ['gcloud', 'scc']
2023-07-06 15:15:28,621 DEBUG    root            Loaded Command Group: ['gcloud', 'network_security']
2023-07-06 15:15:28,624 DEBUG    root            Loaded Command Group: ['gcloud', 'info']
2023-07-06 15:15:28,625 DEBUG    root            Loaded Command Group: ['gcloud', 'anthos']
2023-07-06 15:15:28,626 DEBUG    root            Loaded Command Group: ['gcloud', 'workflows']
2023-07-06 15:15:28,626 DEBUG    root            No implementation for release track [GA] for element: [/Users/mackayfisher/google-cloud-sdk/lib/surface/workstations]
2023-07-06 15:15:28,626 DEBUG    root            Loaded Command Group: ['gcloud', 'firestore']
2023-07-06 15:15:28,627 DEBUG    root            Loaded Command Group: ['gcloud', 'dataflow']
2023-07-06 15:15:28,628 DEBUG    root            No implementation for release track [GA] for element: [/Users/mackayfisher/google-cloud-sdk/lib/surface/runtime_config]
2023-07-06 15:15:28,629 DEBUG    root            Loaded Command Group: ['gcloud', 'artifacts']
2023-07-06 15:15:28,629 DEBUG    root            No implementation for release track [GA] for element: [/Users/mackayfisher/google-cloud-sdk/lib/surface/cbrs_spectrum_access]
2023-07-06 15:15:28,630 DEBUG    root            Loaded Command Group: ['gcloud', 'notebooks']
2023-07-06 15:15:28,631 DEBUG    root            Loaded Command Group: ['gcloud', 'feedback']
2023-07-06 15:15:28,631 DEBUG    root            No implementation for release track [GA] for element: [/Users/mackayfisher/google-cloud-sdk/lib/surface/source_manager]
2023-07-06 15:15:28,631 DEBUG    root            Loaded Command Group: ['gcloud', 'transfer']
2023-07-06 15:15:28,632 DEBUG    root            Loaded Command Group: ['gcloud', 'privateca']
2023-07-06 15:15:28,633 DEBUG    root            Loaded Command Group: ['gcloud', 'essential_contacts']
2023-07-06 15:15:28,633 DEBUG    root            Loaded Command Group: ['gcloud', 'access_approval']
2023-07-06 15:15:28,635 DEBUG    root            Loaded Command Group: ['gcloud', 'help']
2023-07-06 15:15:28,636 DEBUG    root            Loaded Command Group: ['gcloud', 'network_management']
2023-07-06 15:15:28,637 DEBUG    root            Loaded Command Group: ['gcloud', 'certificate_manager']
2023-07-06 15:15:28,637 DEBUG    root            Loaded Command Group: ['gcloud', 'network_connectivity']
2023-07-06 15:15:28,638 DEBUG    root            Loaded Command Group: ['gcloud', 'transcoder']
2023-07-06 15:15:28,639 DEBUG    root            Loaded Command Group: ['gcloud', 'batch']
2023-07-06 15:15:28,640 DEBUG    root            Loaded Command Group: ['gcloud', 'game']
2023-07-06 15:15:28,641 DEBUG    root            Loaded Command Group: ['gcloud', 'bigtable']
2023-07-06 15:15:28,641 DEBUG    root            Loaded Command Group: ['gcloud', 'deployment_manager']
2023-07-06 15:15:28,642 DEBUG    root            No implementation for release track [GA] for element: [/Users/mackayfisher/google-cloud-sdk/lib/surface/blueprints]
2023-07-06 15:15:28,642 DEBUG    root            Loaded Command Group: ['gcloud', 'cloud_shell']
2023-07-06 15:15:28,643 DEBUG    root            Loaded Command Group: ['gcloud', 'access_context_manager']
2023-07-06 15:15:28,644 DEBUG    root            Loaded Command Group: ['gcloud', 'run']
2023-07-06 15:15:28,644 DEBUG    root            No implementation for release track [GA] for element: [/Users/mackayfisher/google-cloud-sdk/lib/surface/beyondcorp]
2023-07-06 15:15:28,647 DEBUG    root            Loaded Command Group: ['gcloud', 'builds']
2023-07-06 15:15:28,648 DEBUG    root            Loaded Command Group: ['gcloud', 'ids']
2023-07-06 15:15:28,649 DEBUG    root            Loaded Command Group: ['gcloud', 'recaptcha']
2023-07-06 15:15:28,649 DEBUG    root            No implementation for release track [GA] for element: [/Users/mackayfisher/google-cloud-sdk/lib/surface/workload_certificate]
2023-07-06 15:15:28,651 DEBUG    root            Loaded Command Group: ['gcloud', 'docker']
2023-07-06 15:15:28,688 DEBUG    root            No implementation for release track [GA] for element: [/Users/mackayfisher/google-cloud-sdk/lib/surface/interactive]
2023-07-06 15:15:28,689 DEBUG    root            Loaded Command Group: ['gcloud', 'asset']
2023-07-06 15:15:28,690 DEBUG    root            Loaded Command Group: ['gcloud', 'spanner']
2023-07-06 15:15:28,691 DEBUG    root            Loaded Command Group: ['gcloud', 'topic']
2023-07-06 15:15:28,692 DEBUG    root            Loaded Command Group: ['gcloud', 'scheduler']
2023-07-06 15:15:28,693 DEBUG    root            Loaded Command Group: ['gcloud', 'secrets']
2023-07-06 15:15:28,694 DEBUG    root            Loaded Command Group: ['gcloud', 'components']
2023-07-06 15:15:28,695 DEBUG    root            No implementation for release track [GA] for element: [/Users/mackayfisher/google-cloud-sdk/lib/surface/datapipelines]
2023-07-06 15:15:28,695 DEBUG    root            No implementation for release track [GA] for element: [/Users/mackayfisher/google-cloud-sdk/lib/surface/remote_build_execution]
2023-07-06 15:15:28,695 DEBUG    root            Loaded Command Group: ['gcloud', 'workspace_add_ons']
2023-07-06 15:15:28,696 DEBUG    root            No implementation for release track [GA] for element: [/Users/mackayfisher/google-cloud-sdk/lib/surface/trace]
2023-07-06 15:15:28,696 DEBUG    root            No implementation for release track [GA] for element: [/Users/mackayfisher/google-cloud-sdk/lib/surface/web_security_scanner]
2023-07-06 15:15:28,697 DEBUG    root            Loaded Command Group: ['gcloud', 'config']
2023-07-06 15:15:28,697 DEBUG    root            Loaded Command Group: ['gcloud', 'meta']
2023-07-06 15:15:28,699 DEBUG    root            Loaded Command Group: ['gcloud', 'cheat_sheet']
2023-07-06 15:15:28,700 DEBUG    root            Loaded Command Group: ['gcloud', 'pubsub']
2023-07-06 15:15:28,703 DEBUG    root            Loaded Command Group: ['gcloud', 'survey']
2023-07-06 15:15:28,704 DEBUG    root            No implementation for release track [GA] for element: [/Users/mackayfisher/google-cloud-sdk/lib/surface/apphub]
2023-07-06 15:15:28,704 DEBUG    root            Loaded Command Group: ['gcloud', 'iot']
2023-07-06 15:15:28,706 DEBUG    root            Loaded Command Group: ['gcloud', 'init']
2023-07-06 15:15:28,706 DEBUG    root            Loaded Command Group: ['gcloud', 'auth']
2023-07-06 15:15:28,708 DEBUG    root            No implementation for release track [GA] for element: [/Users/mackayfisher/google-cloud-sdk/lib/surface/code]
2023-07-06 15:15:28,709 DEBUG    root            Loaded Command Group: ['gcloud', 'datastore']
2023-07-06 15:15:28,709 ERROR    root            (gcloud) Invalid choice: 'activate-service-account'.
